0.001	0.0808227	0.0808227	0.0808227	0.0808227	133154
0.002	0.0757495	0.0757495	0.0757495	0.0757495	44700
0.003	0.0761295	0.0761295	0.0761295	0.0761295	66627
0.004	0.0693515	0.0693515	0.0693515	0.0693515	21791
0.005	0.0733383	0.0733383	0.0733383	0.0733383	47010
0.006	0.0689863	0.0689863	0.0689863	0.0689863	29543
0.007	0.067834	0.067834	0.067834	0.067834	20508
0.008	0.0679408	0.0679408	0.0679408	0.0679408	31187
0.009	0.064774	0.064774	0.064774	0.064774	25517
0.01	0.0641537	0.0641537	0.0641537	0.0641537	26842
0.011	0.0592694	0.0592694	0.0592694	0.0592694	13583
0.012	0.0624709	0.0624709	0.0624709	0.0624709	24199
0.013	0.0590456	0.0590456	0.0590456	0.0590456	21832
0.014	0.0594165	0.0594165	0.0594165	0.0594165	14017
0.015	0.0590005	0.0590005	0.0590005	0.0590005	20907
0.016	0.0575664	0.0575664	0.0575664	0.0575664	19564
0.017	0.0547133	0.0547133	0.0547133	0.0547133	11613
0.018	0.0563528	0.0563528	0.0563528	0.0563528	18990
0.019	0.0550155	0.0550155	0.0550155	0.0550155	18532
0.02	0.0526959	0.0526959	0.0526959	0.0526959	16628
0.021	0.0528002	0.0528002	0.0528002	0.0528002	10218
0.022	0.0521198	0.0521198	0.0521198	0.0521198	16773
0.023	0.0537046	0.0537046	0.0537046	0.0537046	16012
0.024	0.053811	0.053811	0.053811	0.053811	9615
0.025	0.0504567	0.0504567	0.0504567	0.0504567	15409
0.026	0.052442	0.052442	0.052442	0.052442	14295
0.027	0.0485591	0.0485591	0.0485591	0.0485591	14360
0.028	0.0493302	0.0493302	0.0493302	0.0493302	8224
0.029	0.0488985	0.0488985	0.0488985	0.0488985	13249
0.03	0.0489895	0.0489895	0.0489895	0.0489895	14139
0.031	0.0526864	0.0526864	0.0526864	0.0526864	8405
0.032	0.0452741	0.0452741	0.0452741	0.0452741	12746
0.033	0.0465014	0.0465014	0.0465014	0.0465014	11902
0.034	0.0438333	0.0438333	0.0438333	0.0438333	7406
0.035	0.0432373	0.0432373	0.0432373	0.0432373	12700
0.036	0.0441195	0.0441195	0.0441195	0.0441195	11922
0.037	0.0406244	0.0406244	0.0406244	0.0406244	12113
0.038	0.0462238	0.0462238	0.0462238	0.0462238	7771
0.039	0.041788	0.041788	0.041788	0.041788	11025
0.04	0.0394182	0.0394182	0.0394182	0.0394182	10947
0.041	0.0386138	0.0386138	0.0386138	0.0386138	6752
0.042	0.0392308	0.0392308	0.0392308	0.0392308	11184
0.043	0.0401128	0.0401128	0.0401128	0.0401128	10623
0.044	0.0388207	0.0388207	0.0388207	0.0388207	10700
0.045	0.0405539	0.0405539	0.0405539	0.0405539	7250
0.046	0.0395903	0.0395903	0.0395903	0.0395903	10749
0.047	0.0368986	0.0368986	0.0368986	0.0368986	10418
0.048	0.0380052	0.0380052	0.0380052	0.0380052	6007
0.049	0.0372241	0.0372241	0.0372241	0.0372241	10378
0.05	0.0411957	0.0411957	0.0411957	0.0411957	9579
0.051	0.0374079	0.0374079	0.0374079	0.0374079	6560
0.052	0.0370948	0.0370948	0.0370948	0.0370948	9881
0.053	0.036933	0.036933	0.036933	0.036933	9031
0.054	0.0368263	0.0368263	0.0368263	0.0368263	9608
0.055	0.0377582	0.0377582	0.0377582	0.0377582	6343
0.056	0.034424	0.034424	0.034424	0.034424	8556
0.057	0.0348625	0.0348625	0.0348625	0.0348625	9334
0.058	0.0343615	0.0343615	0.0343615	0.0343615	6263
0.059	0.0323638	0.0323638	0.0323638	0.0323638	9294
0.06	0.032942	0.032942	0.032942	0.032942	9282
0.061	0.030421	0.030421	0.030421	0.030421	9435
0.062	0.0337914	0.0337914	0.0337914	0.0337914	5431
0.063	0.0314362	0.0314362	0.0314362	0.0314362	8721
0.064	0.0322397	0.0322397	0.0322397	0.0322397	9749
0.065	0.0315096	0.0315096	0.0315096	0.0315096	5720
0.066	0.0272846	0.0272846	0.0272846	0.0272846	9002
0.067	0.0293095	0.0293095	0.0293095	0.0293095	8532
0.068	0.0275006	0.0275006	0.0275006	0.0275006	4969
0.069	0.0282486	0.0282486	0.0282486	0.0282486	8578
0.07	0.0303671	0.0303671	0.0303671	0.0303671	7777
0.071	0.0284086	0.0284086	0.0284086	0.0284086	8294
0.072	0.0315243	0.0315243	0.0315243	0.0315243	5376
0.073	0.0291624	0.0291624	0.0291624	0.0291624	8459
0.074	0.0273299	0.0273299	0.0273299	0.0273299	8291
0.075	0.0320716	0.0320716	0.0320716	0.0320716	5089
0.076	0.0263244	0.0263244	0.0263244	0.0263244	8099
0.077	0.0266002	0.0266002	0.0266002	0.0266002	7553
0.078	0.0290716	0.0290716	0.0290716	0.0290716	5109
0.079	0.0274368	0.0274368	0.0274368	0.0274368	8021
0.08	0.0278317	0.0278317	0.0278317	0.0278317	8164
0.081	0.0258901	0.0258901	0.0258901	0.0258901	7783
0.082	0.027357	0.027357	0.027357	0.027357	4667
0.083	0.0268147	0.0268147	0.0268147	0.0268147	8231
0.084	0.0222316	0.0222316	0.0222316	0.0222316	6829
0.085	0.0265603	0.0265603	0.0265603	0.0265603	5060
0.086	0.0239509	0.0239509	0.0239509	0.0239509	7799
0.087	0.022659	0.022659	0.022659	0.022659	7435
0.088	0.0235601	0.0235601	0.0235601	0.0235601	7956
0.089	0.0230398	0.0230398	0.0230398	0.0230398	4269
0.09	0.0231673	0.0231673	0.0231673	0.0231673	7547
0.091	0.0227581	0.0227581	0.0227581	0.0227581	7535
0.092	0.0249335	0.0249335	0.0249335	0.0249335	4736
0.093	0.0233671	0.0233671	0.0233671	0.0233671	7497
0.094	0.0228747	0.0228747	0.0228747	0.0228747	7216
0.095	0.0219202	0.0219202	0.0219202	0.0219202	4450
0.096	0.0222792	0.0222792	0.0222792	0.0222792	7307
0.097	0.0202059	0.0202059	0.0202059	0.0202059	7015
0.098	0.0203966	0.0203966	0.0203966	0.0203966	7301
0.099	0.0222647	0.0222647	0.0222647	0.0222647	4260
0.1	0.021177	0.021177	0.021177	0.021177	7035
0.101	0.0205331	0.0205331	0.0205331	0.0205331	7241
0.102	0.021807	0.021807	0.021807	0.021807	4060
0.103	0.0208113	0.0208113	0.0208113	0.0208113	7291
0.104	0.0197696	0.0197696	0.0197696	0.0197696	7186
0.105	0.0217772	0.0217772	0.0217772	0.0217772	7697
0.106	0.0196148	0.0196148	0.0196148	0.0196148	4494
0.107	0.0200525	0.0200525	0.0200525	0.0200525	7294
0.108	0.0195459	0.0195459	0.0195459	0.0195459	7085
0.109	0.0205406	0.0205406	0.0205406	0.0205406	4121
0.11	0.019146	0.019146	0.019146	0.019146	6838
0.111	0.019951	0.019951	0.019951	0.019951	6946
0.112	0.019393	0.019393	0.019393	0.019393	4171
0.113	0.0181681	0.0181681	0.0181681	0.0181681	7112
0.114	0.0193775	0.0193775	0.0193775	0.0193775	6804
0.115	0.0174715	0.0174715	0.0174715	0.0174715	6490
0.116	0.0209613	0.0209613	0.0209613	0.0209613	3820
0.117	0.0151151	0.0151151	0.0151151	0.0151151	6640
0.118	0.0152439	0.0152439	0.0152439	0.0152439	6505
0.119	0.0159609	0.0159609	0.0159609	0.0159609	4416
0.12	0.0144331	0.0144331	0.0144331	0.0144331	6982
0.121	0.015805	0.015805	0.015805	0.015805	6430
0.122	0.0152448	0.0152448	0.0152448	0.0152448	6573
0.123	0.0140995	0.0140995	0.0140995	0.0140995	3529
0.124	0.014226	0.014226	0.014226	0.014226	6281
0.125	0.014385	0.014385	0.014385	0.014385	6521
0.126	0.0137147	0.0137147	0.0137147	0.0137147	4332
0.127	0.0140908	0.0140908	0.0140908	0.0140908	6625
0.128	0.012959	0.012959	0.012959	0.012959	6144
0.129	0.0133416	0.0133416	0.0133416	0.0133416	3748
0.13	0.0149236	0.0149236	0.0149236	0.0149236	6146
0.131	0.0119902	0.0119902	0.0119902	0.0119902	5942
0.132	0.0141161	0.0141161	0.0141161	0.0141161	6651
0.133	0.0138454	0.0138454	0.0138454	0.0138454	3869
0.134	0.0123579	0.0123579	0.0123579	0.0123579	6009
0.135	0.0117184	0.0117184	0.0117184	0.0117184	6614
0.136	0.0138805	0.0138805	0.0138805	0.0138805	3797
0.137	0.0136353	0.0136353	0.0136353	0.0136353	5991
0.138	0.0136834	0.0136834	0.0136834	0.0136834	6535
0.139	0.0146824	0.0146824	0.0146824	0.0146824	3847
0.14	0.0126737	0.0126737	0.0126737	0.0126737	6693
0.141	0.0138443	0.0138443	0.0138443	0.0138443	6290
0.142	0.0128804	0.0128804	0.0128804	0.0128804	6688
0.143	0.0142289	0.0142289	0.0142289	0.0142289	3895
0.144	0.0126938	0.0126938	0.0126938	0.0126938	6013
0.145	0.0111175	0.0111175	0.0111175	0.0111175	5886
0.146	0.0131675	0.0131675	0.0131675	0.0131675	3480
0.147	0.0123154	0.0123154	0.0123154	0.0123154	6513
0.148	0.011189	0.011189	0.011189	0.011189	5402
0.149	0.0120951	0.0120951	0.0120951	0.0120951	6156
0.15	0.0123136	0.0123136	0.0123136	0.0123136	3273
0.151	0.0118948	0.0118948	0.0118948	0.0118948	5714
0.152	0.011935	0.011935	0.011935	0.011935	5985
0.153	0.0125388	0.0125388	0.0125388	0.0125388	3536
0.154	0.00952748	0.00952748	0.00952748	0.00952748	6547
0.155	0.0115284	0.0115284	0.0115284	0.0115284	5722
0.156	0.0106067	0.0106067	0.0106067	0.0106067	3429
0.157	0.0103089	0.0103089	0.0103089	0.0103089	6586
0.158	0.0104672	0.0104672	0.0104672	0.0104672	6121
0.159	0.0114084	0.0114084	0.0114084	0.0114084	5982
0.16	0.0101412	0.0101412	0.0101412	0.0101412	3562
0.161	0.00947033	0.00947033	0.00947033	0.00947033	5944
0.162	0.0100369	0.0100369	0.0100369	0.0100369	5923
0.163	0.0118493	0.0118493	0.0118493	0.0118493	3565
0.164	0.00880896	0.00880896	0.00880896	0.00880896	5988
0.165	0.00871094	0.00871094	0.00871094	0.00871094	5721
0.166	0.00896245	0.00896245	0.00896245	0.00896245	6302
0.167	0.0105744	0.0105744	0.0105744	0.0105744	3437
0.168	0.00950167	0.00950167	0.00950167	0.00950167	6296
0.169	0.00883856	0.00883856	0.00883856	0.00883856	6104
0.17	0.0116532	0.0116532	0.0116532	0.0116532	3613
0.171	0.00828863	0.00828863	0.00828863	0.00828863	5853
0.172	0.00963586	0.00963586	0.00963586	0.00963586	5780
0.173	0.00855836	0.00855836	0.00855836	0.00855836	3481
0.174	0.00983073	0.00983073	0.00983073	0.00983073	6200
0.175	0.00944858	0.00944858	0.00944858	0.00944858	5715
0.176	0.00883639	0.00883639	0.00883639	0.00883639	5926
0.177	0.0113675	0.0113675	0.0113675	0.0113675	3499
0.178	0.00911106	0.00911106	0.00911106	0.00911106	5625
0.179	0.0084788	0.0084788	0.0084788	0.0084788	5721
0.18	0.00857717	0.00857717	0.00857717	0.00857717	4141
0.181	0.00886222	0.00886222	0.00886222	0.00886222	6135
0.182	0.00849282	0.00849282	0.00849282	0.00849282	5840
0.183	0.00930388	0.00930388	0.00930388	0.00930388	6122
0.184	0.00880944	0.00880944	0.00880944	0.00880944	3430
0.185	0.00810924	0.00810924	0.00810924	0.00810924	6220
0.186	0.00895799	0.00895799	0.00895799	0.00895799	6388
0.187	0.00946686	0.00946686	0.00946686	0.00946686	3779
0.188	0.00898406	0.00898406	0.00898406	0.00898406	5972
0.189	0.0107484	0.0107484	0.0107484	0.0107484	6047
0.19	0.0101359	0.0101359	0.0101359	0.0101359	3453
0.191	0.00757232	0.00757232	0.00757232	0.00757232	6468
0.192	0.00650384	0.00650384	0.00650384	0.00650384	6029
0.193	0.00717033	0.00717033	0.00717033	0.00717033	5776
0.194	0.00725478	0.00725478	0.00725478	0.00725478	3891
0.195	0.00645398	0.00645398	0.00645398	0.00645398	6222
0.196	0.006468	0.006468	0.006468	0.006468	6127
0.197	0.00757074	0.00757074	0.00757074	0.00757074	3589
0.198	0.00721864	0.00721864	0.00721864	0.00721864	6040
0.199	0.00595596	0.00595596	0.00595596	0.00595596	5860
0.2	0.00639603	0.00639603	0.00639603	0.00639603	3733
0.201	0.00618141	0.00618141	0.00618141	0.00618141	6176
0.202	0.00611111	0.00611111	0.00611111	0.00611111	5934
0.203	0.00649813	0.00649813	0.00649813	0.00649813	6169
0.204	0.00469092	0.00469092	0.00469092	0.00469092	3399
0.205	0.00499825	0.00499825	0.00499825	0.00499825	6182
0.206	0.00446516	0.00446516	0.00446516	0.00446516	5510
0.207	0.00553018	0.00553018	0.00553018	0.00553018	3547
0.208	0.00540412	0.00540412	0.00540412	0.00540412	6275
0.209	0.00395629	0.00395629	0.00395629	0.00395629	6108
0.21	0.00503343	0.00503343	0.00503343	0.00503343	5800
0.211	0.00433757	0.00433757	0.00433757	0.00433757	3223
0.212	0.00454993	0.00454993	0.00454993	0.00454993	5796
0.213	0.00375822	0.00375822	0.00375822	0.00375822	6152
0.214	0.00554853	0.00554853	0.00554853	0.00554853	3556
0.215	0.00572778	0.00572778	0.00572778	0.00572778	6153
0.216	0.00437287	0.00437287	0.00437287	0.00437287	6175
0.217	0.0049481	0.0049481	0.0049481	0.0049481	3527
0.218	0.00551352	0.00551352	0.00551352	0.00551352	5981
0.219	0.00454996	0.00454996	0.00454996	0.00454996	5868
0.22	0.00529337	0.00529337	0.00529337	0.00529337	6234
0.221	0.00535647	0.00535647	0.00535647	0.00535647	3890
0.222	0.00388732	0.00388732	0.00388732	0.00388732	6011
0.223	0.00448169	0.00448169	0.00448169	0.00448169	5660
0.224	0.00607747	0.00607747	0.00607747	0.00607747	3584
0.225	0.00500543	0.00500543	0.00500543	0.00500543	5886
0.226	0.00361491	0.00361491	0.00361491	0.00361491	6214
0.227	0.0061432	0.0061432	0.0061432	0.0061432	6172
0.228	0.00440644	0.00440644	0.00440644	0.00440644	3728
0.229	0.00601568	0.00601568	0.00601568	0.00601568	5743
0.23	0.00526017	0.00526017	0.00526017	0.00526017	6072
0.231	0.00306934	0.00306934	0.00306934	0.00306934	3405
0.232	0.00416685	0.00416685	0.00416685	0.00416685	5977
0.233	0.00434563	0.00434563	0.00434563	0.00434563	5459
0.234	0.00449979	0.00449979	0.00449979	0.00449979	3363
0.235	0.00438141	0.00438141	0.00438141	0.00438141	6002
0.236	0.00382796	0.00382796	0.00382796	0.00382796	5211
0.237	0.00366139	0.00366139	0.00366139	0.00366139	5829
0.238	0.00386536	0.00386536	0.00386536	0.00386536	3554
0.239	0.00398792	0.00398792	0.00398792	0.00398792	5638
0.24	0.00317014	0.00317014	0.00317014	0.00317014	5898
0.241	0.00486586	0.00486586	0.00486586	0.00486586	4003
0.242	0.00374433	0.00374433	0.00374433	0.00374433	5976
0.243	0.00380187	0.00380187	0.00380187	0.00380187	5628
0.244	0.0030453	0.0030453	0.0030453	0.0030453	6554
0.245	0.0041727	0.0041727	0.0041727	0.0041727	3452
0.246	0.00211711	0.00211711	0.00211711	0.00211711	5827
0.247	0.00318132	0.00318132	0.00318132	0.00318132	5970
0.248	0.00369763	0.00369763	0.00369763	0.00369763	3599
0.249	0.00243214	0.00243214	0.00243214	0.00243214	6075
0.25	0.00371669	0.00371669	0.00371669	0.00371669	5833
0.251	0.00276712	0.00276712	0.00276712	0.00276712	3571
0.252	0.00211145	0.00211145	0.00211145	0.00211145	5790
0.253	0.00439345	0.00439345	0.00439345	0.00439345	5692
0.254	0.00375582	0.00375582	0.00375582	0.00375582	5726
0.255	0.00137241	0.00137241	0.00137241	0.00137241	3911
0.256	0.00324899	0.00324899	0.00324899	0.00324899	5747
0.257	0.00300636	0.00300636	0.00300636	0.00300636	5889
0.258	0.00336542	0.00336542	0.00336542	0.00336542	3472
0.259	0.00214167	0.00214167	0.00214167	0.00214167	5804
0.26	0.0015155	0.0015155	0.0015155	0.0015155	5794
0.261	0.00315832	0.00315832	0.00315832	0.00315832	3433
0.262	0.00219286	0.00219286	0.00219286	0.00219286	6159
0.263	0.0027904	0.0027904	0.0027904	0.0027904	5834
0.264	0.00250046	0.00250046	0.00250046	0.00250046	5992
0.265	0.00196337	0.00196337	0.00196337	0.00196337	3640
0.266	0.00253664	0.00253664	0.00253664	0.00253664	5731
0.267	0.00147086	0.00147086	0.00147086	0.00147086	5703
0.268	0.00222396	0.00222396	0.00222396	0.00222396	3680
0.269	0.00297253	0.00297253	0.00297253	0.00297253	6193
0.27	0.00313521	0.00313521	0.00313521	0.00313521	5963
0.271	0.00121453	0.00121453	0.00121453	0.00121453	6199
0.272	0.00291852	0.00291852	0.00291852	0.00291852	3438
0.273	0.00301015	0.00301015	0.00301015	0.00301015	5585
0.274	0.000635626	0.000635626	0.000635626	0.000635626	6862
0.275	0.00246398	0.00246398	0.00246398	0.00246398	3786
0.276	0.00265724	0.00265724	0.00265724	0.00265724	5584
0.277	0.00274799	0.00274799	0.00274799	0.00274799	5819
0.278	0.00227891	0.00227891	0.00227891	0.00227891	3474
0.279	0.00256865	0.00256865	0.00256865	0.00256865	5584
0.28	0.00466199	0.00466199	0.00466199	0.00466199	5875
0.281	0.00177048	0.00177048	0.00177048	0.00177048	5793
0.282	0.00246628	0.00246628	0.00246628	0.00246628	3625
0.283	0.00264306	0.00264306	0.00264306	0.00264306	5864
0.284	0.00325795	0.00325795	0.00325795	0.00325795	5310
0.285	0.00246282	0.00246282	0.00246282	0.00246282	3295
0.286	0.0022533	0.0022533	0.0022533	0.0022533	5872
0.287	0.00251661	0.00251661	0.00251661	0.00251661	5367
0.288	0.00240762	0.00240762	0.00240762	0.00240762	5677
0.289	0.000694912	0.000694912	0.000694912	0.000694912	3566
0.29	0.00196031	0.00196031	0.00196031	0.00196031	5429
0.291	0.00173644	0.00173644	0.00173644	0.00173644	5713
0.292	0.00093562	0.00093562	0.00093562	0.00093562	3362
0.293	0.0020536	0.0020536	0.0020536	0.0020536	5484
0.294	0.00113123	0.00113123	0.00113123	0.00113123	5771
0.295	-0.000482577	-0.000482577	-0.000482577	-0.000482577	3517
0.296	0.000943673	0.000943673	0.000943673	0.000943673	5974
0.297	0.00116059	0.00116059	0.00116059	0.00116059	5457
0.298	0.00107174	0.00107174	0.00107174	0.00107174	5792
0.299	0.00171072	0.00171072	0.00171072	0.00171072	3115
0.3	0.0020785	0.0020785	0.0020785	0.0020785	5257
0.301	0.000535367	0.000535367	0.000535367	0.000535367	5600
0.302	0.00177448	0.00177448	0.00177448	0.00177448	3249
0.303	0.00222776	0.00222776	0.00222776	0.00222776	5517
0.304	0.00213359	0.00213359	0.00213359	0.00213359	5613
0.305	0.0011281	0.0011281	0.0011281	0.0011281	5444
0.306	0.00132299	0.00132299	0.00132299	0.00132299	2959
0.307	0.00262128	0.00262128	0.00262128	0.00262128	5199
0.308	0.00180634	0.00180634	0.00180634	0.00180634	5336
0.309	0.00148383	0.00148383	0.00148383	0.00148383	3593
0.31	0.00150502	0.00150502	0.00150502	0.00150502	5566
0.311	0.00191219	0.00191219	0.00191219	0.00191219	5271
0.312	0.00277066	0.00277066	0.00277066	0.00277066	3240
0.313	0.00177116	0.00177116	0.00177116	0.00177116	5407
0.314	0.00128956	0.00128956	0.00128956	0.00128956	5372
0.315	0.0020359	0.0020359	0.0020359	0.0020359	5777
0.316	0.0029685	0.0029685	0.0029685	0.0029685	3363
0.317	0.00209086	0.00209086	0.00209086	0.00209086	5276
0.318	0.00237357	0.00237357	0.00237357	0.00237357	5774
0.319	0.00226068	0.00226068	0.00226068	0.00226068	3315
0.32	0.00185151	0.00185151	0.00185151	0.00185151	5610
0.321	0.00178665	0.00178665	0.00178665	0.00178665	5531
0.322	0.00232802	0.00232802	0.00232802	0.00232802	3387
0.323	0.00173808	0.00173808	0.00173808	0.00173808	5737
0.324	0.00212338	0.00212338	0.00212338	0.00212338	5941
0.325	0.00219903	0.00219903	0.00219903	0.00219903	5712
0.326	0.000956972	0.000956972	0.000956972	0.000956972	3224
0.327	0.00157841	0.00157841	0.00157841	0.00157841	5426
0.328	0.00190235	0.00190235	0.00190235	0.00190235	5609
0.329	0.00153966	0.00153966	0.00153966	0.00153966	3576
0.33	0.00202305	0.00202305	0.00202305	0.00202305	5912
0.331	0.000671661	0.000671661	0.000671661	0.000671661	6474
0.332	0.00234492	0.00234492	0.00234492	0.00234492	5875
0.333	0.00218145	0.00218145	0.00218145	0.00218145	3468
0.334	0.00211318	0.00211318	0.00211318	0.00211318	5459
0.335	0.0018703	0.0018703	0.0018703	0.0018703	6283
0.336	0.00217967	0.00217967	0.00217967	0.00217967	3316
0.337	0.00140918	0.00140918	0.00140918	0.00140918	5873
0.338	0.0024825	0.0024825	0.0024825	0.0024825	5731
0.339	0.000782659	0.000782659	0.000782659	0.000782659	3141
0.34	0.0020209	0.0020209	0.0020209	0.0020209	5479
0.341	0.000366006	0.000366006	0.000366006	0.000366006	5664
0.342	0.00110026	0.00110026	0.00110026	0.00110026	5915
0.343	0.00223962	0.00223962	0.00223962	0.00223962	3384
0.344	0.00228412	0.00228412	0.00228412	0.00228412	5883
0.345	0.00212421	0.00212421	0.00212421	0.00212421	5603
0.346	0.00120239	0.00120239	0.00120239	0.00120239	3314
0.347	0.00124661	0.00124661	0.00124661	0.00124661	5812
0.348	0.000675458	0.000675458	0.000675458	0.000675458	6174
0.349	0.00147995	0.00147995	0.00147995	0.00147995	5967
0.35	0.00132864	0.00132864	0.00132864	0.00132864	3375
0.351	0.00159848	0.00159848	0.00159848	0.00159848	5373
0.352	0.00143968	0.00143968	0.00143968	0.00143968	5666
0.353	0.00229145	0.00229145	0.00229145	0.00229145	3170
0.354	0.00225983	0.00225983	0.00225983	0.00225983	6101
0.355	0.0017123	0.0017123	0.0017123	0.0017123	5424
0.356	0.000115728	0.000115728	0.000115728	0.000115728	3562
0.357	0.00237933	0.00237933	0.00237933	0.00237933	5672
0.358	0.00114993	0.00114993	0.00114993	0.00114993	4980
0.359	0.00165361	0.00165361	0.00165361	0.00165361	5806
0.36	0.00182845	0.00182845	0.00182845	0.00182845	3221
0.361	0.00199145	0.00199145	0.00199145	0.00199145	5271
0.362	0.00156762	0.00156762	0.00156762	0.00156762	5469
0.363	0.00150285	0.00150285	0.00150285	0.00150285	3254
0.364	0.00105566	0.00105566	0.00105566	0.00105566	5916
0.365	0.0023616	0.0023616	0.0023616	0.0023616	5383
0.366	0.00157941	0.00157941	0.00157941	0.00157941	5915
0.367	0.00176868	0.00176868	0.00176868	0.00176868	2870
0.368	0.00212987	0.00212987	0.00212987	0.00212987	5715
0.369	0.00217353	0.00217353	0.00217353	0.00217353	5825
0.37	0.00270203	0.00270203	0.00270203	0.00270203	3403
0.371	0.000934938	0.000934938	0.000934938	0.000934938	5774
0.372	0.00119474	0.00119474	0.00119474	0.00119474	5703
0.373	0.000679212	0.000679212	0.000679212	0.000679212	3246
0.374	0.00093983	0.00093983	0.00093983	0.00093983	5707
0.375	0.00117692	0.00117692	0.00117692	0.00117692	5006
0.376	0.00127976	0.00127976	0.00127976	0.00127976	5852
0.377	0.00116806	0.00116806	0.00116806	0.00116806	3395
0.378	0.00178663	0.00178663	0.00178663	0.00178663	5388
0.379	5.9987e-05	5.9987e-05	5.9987e-05	5.9987e-05	6168
0.38	0.00250435	0.00250435	0.00250435	0.00250435	3068
0.381	0.00125785	0.00125785	0.00125785	0.00125785	5660
0.382	0.0013456	0.0013456	0.0013456	0.0013456	5583
0.383	0.00220846	0.00220846	0.00220846	0.00220846	3593
0.384	0.00140549	0.00140549	0.00140549	0.00140549	6073
0.385	0.000607814	0.000607814	0.000607814	0.000607814	5342
0.386	0.00195965	0.00195965	0.00195965	0.00195965	5279
0.387	0.00198407	0.00198407	0.00198407	0.00198407	3239
0.388	0.00104704	0.00104704	0.00104704	0.00104704	5294
0.389	0.000828688	0.000828688	0.000828688	0.000828688	5262
0.39	0.00167937	0.00167937	0.00167937	0.00167937	3323
0.391	0.00177844	0.00177844	0.00177844	0.00177844	5823
0.392	0.00131118	0.00131118	0.00131118	0.00131118	5498
0.393	0.0018054	0.0018054	0.0018054	0.0018054	5302
0.394	0.00227729	0.00227729	0.00227729	0.00227729	3168
0.395	0.000910109	0.000910109	0.000910109	0.000910109	4736
0.396	0.00213412	0.00213412	0.00213412	0.00213412	5609
0.397	0.00271384	0.00271384	0.00271384	0.00271384	3532
0.398	0.00160695	0.00160695	0.00160695	0.00160695	5284
0.399	0.000454489	0.000454489	0.000454489	0.000454489	5409
0.4	6.51181e-05	6.51181e-05	6.51181e-05	6.51181e-05	3114
0.401	0.00196367	0.00196367	0.00196367	0.00196367	5620
0.402	0.00122226	0.00122226	0.00122226	0.00122226	4961
0.403	0.00159009	0.00159009	0.00159009	0.00159009	5579
0.404	0.00213474	0.00213474	0.00213474	0.00213474	3099
0.405	0.000734379	0.000734379	0.000734379	0.000734379	5676
0.406	0.00217527	0.00217527	0.00217527	0.00217527	5188
0.407	0.00221551	0.00221551	0.00221551	0.00221551	3185
0.408	0.0012691	0.0012691	0.0012691	0.0012691	5533
0.409	0.000767753	0.000767753	0.000767753	0.000767753	5409
0.41	0.00144906	0.00144906	0.00144906	0.00144906	5651
0.411	0.000996566	0.000996566	0.000996566	0.000996566	3252
0.412	0.0010694	0.0010694	0.0010694	0.0010694	5301
0.413	0.00117922	0.00117922	0.00117922	0.00117922	5233
0.414	0.0004695	0.0004695	0.0004695	0.0004695	3173
0.415	0.00136928	0.00136928	0.00136928	0.00136928	5595
0.416	0.000259328	0.000259328	0.000259328	0.000259328	5134
0.417	0.00146079	0.00146079	0.00146079	0.00146079	3647
0.418	0.00096228	0.00096228	0.00096228	0.00096228	5532
0.419	0.00107809	0.00107809	0.00107809	0.00107809	4946
0.42	0.000847024	0.000847024	0.000847024	0.000847024	5336
0.421	0.00113502	0.00113502	0.00113502	0.00113502	3300
0.422	0.000887929	0.000887929	0.000887929	0.000887929	5037
0.423	0.00155971	0.00155971	0.00155971	0.00155971	5568
0.424	0.00191047	0.00191047	0.00191047	0.00191047	3696
0.425	0.00146011	0.00146011	0.00146011	0.00146011	5507
0.426	0.00190186	0.00190186	0.00190186	0.00190186	5584
0.427	0.00133073	0.00133073	0.00133073	0.00133073	5416
0.428	0.00149781	0.00149781	0.00149781	0.00149781	3040
0.429	0.00168935	0.00168935	0.00168935	0.00168935	5119
0.43	0.000986304	0.000986304	0.000986304	0.000986304	5326
0.431	0.00146157	0.00146157	0.00146157	0.00146157	3650
0.432	0.00153002	0.00153002	0.00153002	0.00153002	5505
0.433	0.000836528	0.000836528	0.000836528	0.000836528	5391
0.434	0.0018675	0.0018675	0.0018675	0.0018675	3166
0.435	0.00191307	0.00191307	0.00191307	0.00191307	5782
0.436	0.0011828	0.0011828	0.0011828	0.0011828	5390
0.437	0.00168416	0.00168416	0.00168416	0.00168416	5765
0.438	0.00149233	0.00149233	0.00149233	0.00149233	3252
0.439	0.00240801	0.00240801	0.00240801	0.00240801	5372
0.44	0.00120269	0.00120269	0.00120269	0.00120269	5290
0.441	0.00214223	0.00214223	0.00214223	0.00214223	3181
0.442	0.00158109	0.00158109	0.00158109	0.00158109	5872
0.443	0.00184773	0.00184773	0.00184773	0.00184773	5187
0.444	0.00191829	0.00191829	0.00191829	0.00191829	6001
0.445	0.000619894	0.000619894	0.000619894	0.000619894	3074
0.446	0.000618136	0.000618136	0.000618136	0.000618136	5433
0.447	0.000870038	0.000870038	0.000870038	0.000870038	5676
0.448	0.00132051	0.00132051	0.00132051	0.00132051	3388
0.449	0.00119193	0.00119193	0.00119193	0.00119193	5877
0.45	0.000909662	0.000909662	0.000909662	0.000909662	5568
0.451	0.000820849	0.000820849	0.000820849	0.000820849	3649
0.452	0.00145669	0.00145669	0.00145669	0.00145669	6248
0.453	0.000854086	0.000854086	0.000854086	0.000854086	5595
0.454	0.000662946	0.000662946	0.000662946	0.000662946	6107
0.455	0.000802399	0.000802399	0.000802399	0.000802399	3529
0.456	0.00251381	0.00251381	0.00251381	0.00251381	5713
0.457	0.00264964	0.00264964	0.00264964	0.00264964	6252
0.458	0.00254576	0.00254576	0.00254576	0.00254576	3618
0.459	0.00226694	0.00226694	0.00226694	0.00226694	5889
0.46	0.000961366	0.000961366	0.000961366	0.000961366	5706
0.461	0.00159917	0.00159917	0.00159917	0.00159917	3037
0.462	0.00198413	0.00198413	0.00198413	0.00198413	5523
0.463	0.0013786	0.0013786	0.0013786	0.0013786	5426
0.464	0.00138265	0.00138265	0.00138265	0.00138265	5523
0.465	0.00181294	0.00181294	0.00181294	0.00181294	3593
0.466	0.00158356	0.00158356	0.00158356	0.00158356	5328
0.467	0.00104355	0.00104355	0.00104355	0.00104355	5238
0.468	0.00178655	0.00178655	0.00178655	0.00178655	3054
0.469	-0.000428102	-0.000428102	-0.000428102	-0.000428102	5684
0.47	0.00020236	0.00020236	0.00020236	0.00020236	5208
0.471	0.000480836	0.000480836	0.000480836	0.000480836	5621
0.472	0.000727932	0.000727932	0.000727932	0.000727932	3376
0.473	0.000247555	0.000247555	0.000247555	0.000247555	5386
0.474	0.000986629	0.000986629	0.000986629	0.000986629	5119
0.475	0.00115826	0.00115826	0.00115826	0.00115826	3323
0.476	0.00021759	0.00021759	0.00021759	0.00021759	4989
0.477	0.00133711	0.00133711	0.00133711	0.00133711	5300
0.478	0.000351012	0.000351012	0.000351012	0.000351012	3353
0.479	0.00138359	0.00138359	0.00138359	0.00138359	5402
0.48	-0.000230405	-0.000230405	-0.000230405	-0.000230405	4990
0.481	0.00147919	0.00147919	0.00147919	0.00147919	5248
0.482	0.000140352	0.000140352	0.000140352	0.000140352	3133
0.483	0.00125666	0.00125666	0.00125666	0.00125666	4819
0.484	0.000447287	0.000447287	0.000447287	0.000447287	4867
0.485	7.93006e-05	7.93006e-05	7.93006e-05	7.93006e-05	3079
0.486	0.00076799	0.00076799	0.00076799	0.00076799	5131
0.487	0.000607749	0.000607749	0.000607749	0.000607749	4710
0.488	0.000664613	0.000664613	0.000664613	0.000664613	5573
0.489	0.000688731	0.000688731	0.000688731	0.000688731	2601
0.49	0.000803261	0.000803261	0.000803261	0.000803261	5025
0.491	0.000946816	0.000946816	0.000946816	0.000946816	5434
0.492	0.000812563	0.000812563	0.000812563	0.000812563	3437
0.493	0.00100022	0.00100022	0.00100022	0.00100022	5378
0.494	7.70431e-05	7.70431e-05	7.70431e-05	7.70431e-05	5520
0.495	-0.000310699	-0.000310699	-0.000310699	-0.000310699	3046
0.496	0.000231284	0.000231284	0.000231284	0.000231284	5640
0.497	0.000376601	0.000376601	0.000376601	0.000376601	5276
0.498	-8.96515e-05	-8.96515e-05	-8.96515e-05	-8.96515e-05	5478
0.499	0.000945669	0.000945669	0.000945669	0.000945669	3447
0.5	9.29443e-06	9.29443e-06	9.29443e-06	9.29443e-06	5529
0.501	0.000665265	0.000665265	0.000665265	0.000665265	5193
0.502	-6.61889e-05	-6.61889e-05	-6.61889e-05	-6.61889e-05	3349
0.503	0.000961251	0.000961251	0.000961251	0.000961251	5355
0.504	0.00124126	0.00124126	0.00124126	0.00124126	5291
0.505	0.000533998	0.000533998	0.000533998	0.000533998	5631
0.506	0.00107459	0.00107459	0.00107459	0.00107459	3187
0.507	0.000970122	0.000970122	0.000970122	0.000970122	5026
0.508	0.0027498	0.0027498	0.0027498	0.0027498	5650
0.509	0.00140039	0.00140039	0.00140039	0.00140039	3067
0.51	0.000588673	0.000588673	0.000588673	0.000588673	5343
0.511	0.00105641	0.00105641	0.00105641	0.00105641	5175
0.512	0.00105814	0.00105814	0.00105814	0.00105814	3503
0.513	-8.27808e-05	-8.27808e-05	-8.27808e-05	-8.27808e-05	5681
0.514	-0.000563486	-0.000563486	-0.000563486	-0.000563486	5534
0.515	-0.000615909	-0.000615909	-0.000615909	-0.000615909	5569
0.516	0.000198424	0.000198424	0.000198424	0.000198424	3560
0.517	0.000168476	0.000168476	0.000168476	0.000168476	5220
0.518	0.000184821	0.000184821	0.000184821	0.000184821	5588
0.519	-0.000588094	-0.000588094	-0.000588094	-0.000588094	3466
0.52	0.000295017	0.000295017	0.000295017	0.000295017	5398
0.521	-9.24727e-05	-9.24727e-05	-9.24727e-05	-9.24727e-05	5404
0.522	0.000164922	0.000164922	0.000164922	0.000164922	2993
0.523	-0.000496436	-0.000496436	-0.000496436	-0.000496436	5502
0.524	-0.000469194	-0.000469194	-0.000469194	-0.000469194	5275
0.525	-0.000656367	-0.000656367	-0.000656367	-0.000656367	5453
0.526	0.000179241	0.000179241	0.000179241	0.000179241	3380
0.527	0.00034008	0.00034008	0.00034008	0.00034008	5814
0.528	-0.000578276	-0.000578276	-0.000578276	-0.000578276	5196
0.529	0.000788999	0.000788999	0.000788999	0.000788999	3233
0.53	-0.000126453	-0.000126453	-0.000126453	-0.000126453	5707
0.531	0.000746567	0.000746567	0.000746567	0.000746567	5276
0.532	-0.000535678	-0.000535678	-0.000535678	-0.000535678	5464
0.533	0.000917718	0.000917718	0.000917718	0.000917718	3091
0.534	0.000235192	0.000235192	0.000235192	0.000235192	5290
0.535	0.000609115	0.000609115	0.000609115	0.000609115	5233
0.536	4.58699e-05	4.58699e-05	4.58699e-05	4.58699e-05	3149
0.537	0.000510498	0.000510498	0.000510498	0.000510498	5567
0.538	6.22344e-05	6.22344e-05	6.22344e-05	6.22344e-05	5673
0.539	0.00056943	0.00056943	0.00056943	0.00056943	3784
0.54	0.000106878	0.000106878	0.000106878	0.000106878	5827
0.541	0.000846744	0.000846744	0.000846744	0.000846744	5137
0.542	0.000636187	0.000636187	0.000636187	0.000636187	5891
0.543	-0.00018441	-0.00018441	-0.00018441	-0.00018441	3225
0.544	0.00105913	0.00105913	0.00105913	0.00105913	5590
0.545	-7.7642e-05	-7.7642e-05	-7.7642e-05	-7.7642e-05	5481
0.546	-8.43239e-05	-8.43239e-05	-8.43239e-05	-8.43239e-05	3225
0.547	6.99476e-05	6.99476e-05	6.99476e-05	6.99476e-05	5659
0.548	-0.000260912	-0.000260912	-0.000260912	-0.000260912	5188
0.549	-0.000695994	-0.000695994	-0.000695994	-0.000695994	5736
0.55	7.46815e-05	7.46815e-05	7.46815e-05	7.46815e-05	2957
0.551	-0.000403373	-0.000403373	-0.000403373	-0.000403373	5067
0.552	0.000538363	0.000538363	0.000538363	0.000538363	5445
0.553	0.00041792	0.00041792	0.00041792	0.00041792	3546
0.554	0.000185819	0.000185819	0.000185819	0.000185819	5407
0.555	-4.43394e-05	-4.43394e-05	-4.43394e-05	-4.43394e-05	5394
0.556	0.000942056	0.000942056	0.000942056	0.000942056	3117
0.557	0.000279872	0.000279872	0.000279872	0.000279872	5835
0.558	0.000680062	0.000680062	0.000680062	0.000680062	5205
0.559	-0.000254034	-0.000254034	-0.000254034	-0.000254034	5639
0.56	0.000137817	0.000137817	0.000137817	0.000137817	3497
0.561	-9.49273e-05	-9.49273e-05	-9.49273e-05	-9.49273e-05	5592
0.562	-0.000178315	-0.000178315	-0.000178315	-0.000178315	5499
0.563	0.00128636	0.00128636	0.00128636	0.00128636	3671
0.564	0.000106234	0.000106234	0.000106234	0.000106234	5810
0.565	-0.000341232	-0.000341232	-0.000341232	-0.000341232	5078
0.566	-0.000118154	-0.000118154	-0.000118154	-0.000118154	5995
0.567	0.000826827	0.000826827	0.000826827	0.000826827	3202
0.568	-1.99022e-06	-1.99022e-06	-1.99022e-06	-1.99022e-06	5862
0.569	-0.000282356	-0.000282356	-0.000282356	-0.000282356	5461
0.57	0.000251102	0.000251102	0.000251102	0.000251102	3353
0.571	-0.000149431	-0.000149431	-0.000149431	-0.000149431	5283
0.572	0.000127944	0.000127944	0.000127944	0.000127944	5647
0.573	0.000862379	0.000862379	0.000862379	0.000862379	3309
0.574	-0.000327016	-0.000327016	-0.000327016	-0.000327016	5303
0.575	-0.000552807	-0.000552807	-0.000552807	-0.000552807	5357
0.576	8.36527e-05	8.36527e-05	8.36527e-05	8.36527e-05	5479
0.577	0.000418499	0.000418499	0.000418499	0.000418499	3107
0.578	-0.000187245	-0.000187245	-0.000187245	-0.000187245	5124
0.579	-0.000483729	-0.000483729	-0.000483729	-0.000483729	5422
0.58	-4.08446e-05	-4.08446e-05	-4.08446e-05	-4.08446e-05	3210
0.581	0.000487779	0.000487779	0.000487779	0.000487779	5414
0.582	-1.54952e-06	-1.54952e-06	-1.54952e-06	-1.54952e-06	5378
0.583	-0.00033898	-0.00033898	-0.00033898	-0.00033898	2873
0.584	-8.41464e-05	-8.41464e-05	-8.41464e-05	-8.41464e-05	5569
0.585	0.000227559	0.000227559	0.000227559	0.000227559	5642
0.586	-0.000292231	-0.000292231	-0.000292231	-0.000292231	5516
0.587	3.57077e-05	3.57077e-05	3.57077e-05	3.57077e-05	3594
0.588	0.0003229	0.0003229	0.0003229	0.0003229	5165
0.589	0.000798025	0.000798025	0.000798025	0.000798025	5098
0.59	0.000475974	0.000475974	0.000475974	0.000475974	2747
0.591	5.91091e-05	5.91091e-05	5.91091e-05	5.91091e-05	5550
0.592	-0.000146679	-0.000146679	-0.000146679	-0.000146679	5331
0.593	0.000508826	0.000508826	0.000508826	0.000508826	5445
0.594	0.000449453	0.000449453	0.000449453	0.000449453	3139
0.595	0.000616814	0.000616814	0.000616814	0.000616814	5183
0.596	0.00107723	0.00107723	0.00107723	0.00107723	5403
0.597	0.000308116	0.000308116	0.000308116	0.000308116	2875
0.598	0.00038851	0.00038851	0.00038851	0.00038851	5426
0.599	0.000150194	0.000150194	0.000150194	0.000150194	5123
0.6	-0.000164887	-0.000164887	-0.000164887	-0.000164887	3622
0.601	-0.000633936	-0.000633936	-0.000633936	-0.000633936	5440
0.602	0.000636684	0.000636684	0.000636684	0.000636684	5242
0.603	8.09683e-05	8.09683e-05	8.09683e-05	8.09683e-05	5297
0.604	-0.000361392	-0.000361392	-0.000361392	-0.000361392	3269
0.605	0.000976088	0.000976088	0.000976088	0.000976088	5785
0.606	-0.000113486	-0.000113486	-0.000113486	-0.000113486	5287
0.607	0.000461447	0.000461447	0.000461447	0.000461447	3421
0.608	0.000275919	0.000275919	0.000275919	0.000275919	5380
0.609	0.00102082	0.00102082	0.00102082	0.00102082	5230
0.61	9.45757e-05	9.45757e-05	9.45757e-05	9.45757e-05	5416
0.611	-0.00030294	-0.00030294	-0.00030294	-0.00030294	2793
0.612	0.00117573	0.00117573	0.00117573	0.00117573	5365
0.613	-0.000193475	-0.000193475	-0.000193475	-0.000193475	5417
0.614	-0.000125562	-0.000125562	-0.000125562	-0.000125562	3783
0.615	0.000350858	0.000350858	0.000350858	0.000350858	5329
0.616	0.000657984	0.000657984	0.000657984	0.000657984	5394
0.617	-0.000406119	-0.000406119	-0.000406119	-0.000406119	3134
0.618	0.000861641	0.000861641	0.000861641	0.000861641	5554
0.619	0.000494849	0.000494849	0.000494849	0.000494849	4713
0.62	0.00042545	0.00042545	0.00042545	0.00042545	5250
0.621	0.00076796	0.00076796	0.00076796	0.00076796	3429
0.622	0.000671433	0.000671433	0.000671433	0.000671433	5245
0.623	0.000353929	0.000353929	0.000353929	0.000353929	5198
0.624	0.000556136	0.000556136	0.000556136	0.000556136	3348
0.625	0.000868228	0.000868228	0.000868228	0.000868228	5047
0.626	0.00108684	0.00108684	0.00108684	0.00108684	5195
0.627	0.000435358	0.000435358	0.000435358	0.000435358	5625
0.628	0.000937781	0.000937781	0.000937781	0.000937781	3460
0.629	-0.000279545	-0.000279545	-0.000279545	-0.000279545	5501
0.63	6.76601e-05	6.76601e-05	6.76601e-05	6.76601e-05	5760
0.631	0.000517448	0.000517448	0.000517448	0.000517448	3251
0.632	0.000282475	0.000282475	0.000282475	0.000282475	5559
0.633	0.000381578	0.000381578	0.000381578	0.000381578	5502
0.634	0.00100894	0.00100894	0.00100894	0.00100894	3559
0.635	-2.00736e-05	-2.00736e-05	-2.00736e-05	-2.00736e-05	5466
0.636	-0.000334061	-0.000334061	-0.000334061	-0.000334061	5039
0.637	-6.33029e-05	-6.33029e-05	-6.33029e-05	-6.33029e-05	5371
0.638	-0.00052727	-0.00052727	-0.00052727	-0.00052727	3447
0.639	-0.000115643	-0.000115643	-0.000115643	-0.000115643	4977
0.64	-0.00100082	-0.00100082	-0.00100082	-0.00100082	5148
0.641	0.000559178	0.000559178	0.000559178	0.000559178	3451
0.642	-0.000753291	-0.000753291	-0.000753291	-0.000753291	5629
0.643	-0.000751727	-0.000751727	-0.000751727	-0.000751727	5613
0.644	0.000796498	0.000796498	0.000796498	0.000796498	3303
0.645	-0.000671991	-0.000671991	-0.000671991	-0.000671991	6000
0.646	-0.00070094	-0.00070094	-0.00070094	-0.00070094	5281
0.647	0.00015337	0.00015337	0.00015337	0.00015337	5649
0.648	0.000680413	0.000680413	0.000680413	0.000680413	3217
0.649	-3.49273e-05	-3.49273e-05	-3.49273e-05	-3.49273e-05	5758
0.65	0.000679647	0.000679647	0.000679647	0.000679647	4768
0.651	-2.65932e-05	-2.65932e-05	-2.65932e-05	-2.65932e-05	3541
0.652	0.000488829	0.000488829	0.000488829	0.000488829	5520
0.653	-3.45869e-05	-3.45869e-05	-3.45869e-05	-3.45869e-05	4875
0.654	-0.000474162	-0.000474162	-0.000474162	-0.000474162	5713
0.655	0.000161134	0.000161134	0.000161134	0.000161134	3153
0.656	-0.000478326	-0.000478326	-0.000478326	-0.000478326	4701
0.657	-0.000308939	-0.000308939	-0.000308939	-0.000308939	5188
0.658	0.000255722	0.000255722	0.000255722	0.000255722	3136
0.659	-0.000394001	-0.000394001	-0.000394001	-0.000394001	5662
0.66	0.000171128	0.000171128	0.000171128	0.000171128	5006
0.661	0.000800539	0.000800539	0.000800539	0.000800539	3278
0.662	-0.00017681	-0.00017681	-0.00017681	-0.00017681	5406
0.663	-4.16083e-05	-4.16083e-05	-4.16083e-05	-4.16083e-05	5234
0.664	0.000300279	0.000300279	0.000300279	0.000300279	5370
0.665	-0.00052347	-0.00052347	-0.00052347	-0.00052347	3082
0.666	0.00107318	0.00107318	0.00107318	0.00107318	5610
0.667	0.000308337	0.000308337	0.000308337	0.000308337	5063
0.668	0.00103156	0.00103156	0.00103156	0.00103156	3338
0.669	-0.000557544	-0.000557544	-0.000557544	-0.000557544	4890
0.67	0.000304302	0.000304302	0.000304302	0.000304302	4786
0.671	-0.000426908	-0.000426908	-0.000426908	-0.000426908	5506
0.672	0.000585793	0.000585793	0.000585793	0.000585793	2857
0.673	0.000233765	0.000233765	0.000233765	0.000233765	4765
0.674	0.00060824	0.00060824	0.00060824	0.00060824	4856
0.675	0.000332847	0.000332847	0.000332847	0.000332847	3082
0.676	0.000343185	0.000343185	0.000343185	0.000343185	5143
0.677	0.000526519	0.000526519	0.000526519	0.000526519	4831
0.678	0.000477077	0.000477077	0.000477077	0.000477077	2729
0.679	0.000609401	0.000609401	0.000609401	0.000609401	5133
0.68	0.000426699	0.000426699	0.000426699	0.000426699	4527
0.681	0.000739591	0.000739591	0.000739591	0.000739591	5236
0.682	0.00110285	0.00110285	0.00110285	0.00110285	2927
0.683	0.000136627	0.000136627	0.000136627	0.000136627	4422
0.684	0.000273095	0.000273095	0.000273095	0.000273095	5042
0.685	0.00101886	0.00101886	0.00101886	0.00101886	2969
0.686	0.000127387	0.000127387	0.000127387	0.000127387	5120
0.687	0.000540667	0.000540667	0.000540667	0.000540667	4347
0.688	0.000366835	0.000366835	0.000366835	0.000366835	5421
0.689	0.00223948	0.00223948	0.00223948	0.00223948	3139
0.69	0.00123786	0.00123786	0.00123786	0.00123786	4609
0.691	0.000922953	0.000922953	0.000922953	0.000922953	5139
0.692	0.000546543	0.000546543	0.000546543	0.000546543	2774
0.693	3.77069e-05	3.77069e-05	3.77069e-05	3.77069e-05	4921
0.694	0.000784477	0.000784477	0.000784477	0.000784477	4594
0.695	0.000536065	0.000536065	0.000536065	0.000536065	3164
0.696	0.000225192	0.000225192	0.000225192	0.000225192	5425
0.697	0.000903707	0.000903707	0.000903707	0.000903707	4859
0.698	0.00107435	0.00107435	0.00107435	0.00107435	5267
0.699	0.000420206	0.000420206	0.000420206	0.000420206	2943
0.7	0.000507828	0.000507828	0.000507828	0.000507828	5046
0.701	0.00105695	0.00105695	0.00105695	0.00105695	4626
0.702	-0.000248129	-0.000248129	-0.000248129	-0.000248129	3251
0.703	0.00160762	0.00160762	0.00160762	0.00160762	4714
0.704	0.000296414	0.000296414	0.000296414	0.000296414	4576
0.705	-0.00011109	-0.00011109	-0.00011109	-0.00011109	2598
0.706	0.0017467	0.0017467	0.0017467	0.0017467	5064
0.707	0.000418696	0.000418696	0.000418696	0.000418696	4585
0.708	0.000956064	0.000956064	0.000956064	0.000956064	5226
0.709	0.000653003	0.000653003	0.000653003	0.000653003	3147
0.71	0.000158098	0.000158098	0.000158098	0.000158098	5148
0.711	0.00101242	0.00101242	0.00101242	0.00101242	4785
0.712	0.000348384	0.000348384	0.000348384	0.000348384	3049
0.713	0.00199626	0.00199626	0.00199626	0.00199626	5334
0.714	0.000503093	0.000503093	0.000503093	0.000503093	4490
0.715	0.00105559	0.00105559	0.00105559	0.00105559	5153
0.716	-0.000149479	-0.000149479	-0.000149479	-0.000149479	2977
0.717	0.000341738	0.000341738	0.000341738	0.000341738	4951
0.718	0.000682878	0.000682878	0.000682878	0.000682878	4863
0.719	-0.000163054	-0.000163054	-0.000163054	-0.000163054	2845
0.72	-0.00038392	-0.00038392	-0.00038392	-0.00038392	5255
0.721	-0.000250115	-0.000250115	-0.000250115	-0.000250115	4599
0.722	-0.000359119	-0.000359119	-0.000359119	-0.000359119	3152
0.723	-0.000600257	-0.000600257	-0.000600257	-0.000600257	4704
0.724	-0.000321983	-0.000321983	-0.000321983	-0.000321983	4738
0.725	-0.000203547	-0.000203547	-0.000203547	-0.000203547	4831
0.726	-0.000352892	-0.000352892	-0.000352892	-0.000352892	2903
0.727	0.00129456	0.00129456	0.00129456	0.00129456	5024
0.728	0.000158593	0.000158593	0.000158593	0.000158593	4335
0.729	0.000712746	0.000712746	0.000712746	0.000712746	3195
0.73	-0.000803734	-0.000803734	-0.000803734	-0.000803734	4589
0.731	-0.000562767	-0.000562767	-0.000562767	-0.000562767	4622
0.732	-0.000586352	-0.000586352	-0.000586352	-0.000586352	5024
0.733	-0.000197361	-0.000197361	-0.000197361	-0.000197361	2867
0.734	0.000593664	0.000593664	0.000593664	0.000593664	5117
0.735	-0.000132119	-0.000132119	-0.000132119	-0.000132119	4657
0.736	0.000483417	0.000483417	0.000483417	0.000483417	3273
0.737	0.000113537	0.000113537	0.000113537	0.000113537	4832
0.738	-0.000259161	-0.000259161	-0.000259161	-0.000259161	4909
0.739	-0.000348321	-0.000348321	-0.000348321	-0.000348321	2843
0.74	0.000374232	0.000374232	0.000374232	0.000374232	4844
0.741	0.000472758	0.000472758	0.000472758	0.000472758	4925
0.742	0.000519124	0.000519124	0.000519124	0.000519124	4895
0.743	-0.00065675	-0.00065675	-0.00065675	-0.00065675	3294
0.744	-0.00110704	-0.00110704	-0.00110704	-0.00110704	4975
0.745	-0.000199481	-0.000199481	-0.000199481	-0.000199481	5091
0.746	-0.000419832	-0.000419832	-0.000419832	-0.000419832	2984
0.747	0.000322566	0.000322566	0.000322566	0.000322566	4819
0.748	0.000345844	0.000345844	0.000345844	0.000345844	4738
0.749	-0.000360684	-0.000360684	-0.000360684	-0.000360684	4942
0.75	0.000813582	0.000813582	0.000813582	0.000813582	3094
0.751	-0.000157927	-0.000157927	-0.000157927	-0.000157927	4494
0.752	5.79127e-05	5.79127e-05	5.79127e-05	5.79127e-05	4926
0.753	-1.20088e-05	-1.20088e-05	-1.20088e-05	-1.20088e-05	2822
0.754	0.000365977	0.000365977	0.000365977	0.000365977	4932
0.755	0.0011195	0.0011195	0.0011195	0.0011195	4439
0.756	-1.66439e-06	-1.66439e-06	-1.66439e-06	-1.66439e-06	3171
0.757	0.000700205	0.000700205	0.000700205	0.000700205	5087
0.758	0.000831026	0.000831026	0.000831026	0.000831026	4816
0.759	0.000616107	0.000616107	0.000616107	0.000616107	5404
0.76	0.000400434	0.000400434	0.000400434	0.000400434	2969
0.761	0.000782957	0.000782957	0.000782957	0.000782957	4527
0.762	0.000924939	0.000924939	0.000924939	0.000924939	4785
0.763	0.00038565	0.00038565	0.00038565	0.00038565	3242
0.764	-0.000369146	-0.000369146	-0.000369146	-0.000369146	5065
0.765	0.000162489	0.000162489	0.000162489	0.000162489	4761
0.766	6.85673e-05	6.85673e-05	6.85673e-05	6.85673e-05	2771
0.767	-5.25477e-05	-5.25477e-05	-5.25477e-05	-5.25477e-05	4636
0.768	0.000664848	0.000664848	0.000664848	0.000664848	5040
0.769	-0.000251618	-0.000251618	-0.000251618	-0.000251618	4789
0.77	-0.000434461	-0.000434461	-0.000434461	-0.000434461	3450
0.771	-0.000605522	-0.000605522	-0.000605522	-0.000605522	5059
0.772	-0.000151915	-0.000151915	-0.000151915	-0.000151915	4798
0.773	-0.000658578	-0.000658578	-0.000658578	-0.000658578	2974
0.774	-0.000563253	-0.000563253	-0.000563253	-0.000563253	4908
0.775	0.000521622	0.000521622	0.000521622	0.000521622	4756
0.776	-0.000913609	-0.000913609	-0.000913609	-0.000913609	4879
0.777	-0.000126776	-0.000126776	-0.000126776	-0.000126776	3096
0.778	-0.000154181	-0.000154181	-0.000154181	-0.000154181	4187
0.779	-0.00010825	-0.00010825	-0.00010825	-0.00010825	4932
0.78	-0.000135948	-0.000135948	-0.000135948	-0.000135948	2975
0.781	0.00016679	0.00016679	0.00016679	0.00016679	4943
0.782	0.000607248	0.000607248	0.000607248	0.000607248	4401
0.783	-0.000204498	-0.000204498	-0.000204498	-0.000204498	2752
0.784	-0.000406205	-0.000406205	-0.000406205	-0.000406205	5191
0.785	0.000188339	0.000188339	0.000188339	0.000188339	4873
0.786	-0.000223188	-0.000223188	-0.000223188	-0.000223188	5409
0.787	-0.000726075	-0.000726075	-0.000726075	-0.000726075	2999
0.788	-0.000475885	-0.000475885	-0.000475885	-0.000475885	4937
0.789	-0.000104999	-0.000104999	-0.000104999	-0.000104999	4463
0.79	-0.000391163	-0.000391163	-0.000391163	-0.000391163	3224
0.791	0.000210426	0.000210426	0.000210426	0.000210426	4912
0.792	0.000166631	0.000166631	0.000166631	0.000166631	4726
0.793	0.000380713	0.000380713	0.000380713	0.000380713	5300
0.794	-0.000765308	-0.000765308	-0.000765308	-0.000765308	2642
0.795	-0.000349974	-0.000349974	-0.000349974	-0.000349974	4971
0.796	8.89685e-05	8.89685e-05	8.89685e-05	8.89685e-05	5161
0.797	-0.000218847	-0.000218847	-0.000218847	-0.000218847	3144
0.798	0.000564647	0.000564647	0.000564647	0.000564647	5683
0.799	-0.000105123	-0.000105123	-0.000105123	-0.000105123	5010
0.8	-0.000247201	-0.000247201	-0.000247201	-0.000247201	2789
0.801	-0.000538142	-0.000538142	-0.000538142	-0.000538142	5312
0.802	0.00105616	0.00105616	0.00105616	0.00105616	4964
0.803	-0.000240987	-0.000240987	-0.000240987	-0.000240987	5338
0.804	0.00249037	0.00249037	0.00249037	0.00249037	3145
0.805	0.000388913	0.000388913	0.000388913	0.000388913	4684
0.806	0.000210028	0.000210028	0.000210028	0.000210028	5121
0.807	-0.000194241	-0.000194241	-0.000194241	-0.000194241	2863
0.808	-0.000400891	-0.000400891	-0.000400891	-0.000400891	5300
0.809	-1.40866e-05	-1.40866e-05	-1.40866e-05	-1.40866e-05	5127
0.81	-0.000189915	-0.000189915	-0.000189915	-0.000189915	5618
0.811	1.51832e-05	1.51832e-05	1.51832e-05	1.51832e-05	3348
0.812	-0.000391711	-0.000391711	-0.000391711	-0.000391711	5493
0.813	6.8055e-05	6.8055e-05	6.8055e-05	6.8055e-05	5298
0.814	-0.00094159	-0.00094159	-0.00094159	-0.00094159	2997
0.815	0.000480612	0.000480612	0.000480612	0.000480612	5178
0.816	0.000127975	0.000127975	0.000127975	0.000127975	4912
0.817	-0.00097858	-0.00097858	-0.00097858	-0.00097858	3976
0.818	0.000153189	0.000153189	0.000153189	0.000153189	5400
0.819	-0.000170508	-0.000170508	-0.000170508	-0.000170508	5236
0.82	0.000652424	0.000652424	0.000652424	0.000652424	5804
0.821	0.000235367	0.000235367	0.000235367	0.000235367	3098
0.822	-5.59325e-05	-5.59325e-05	-5.59325e-05	-5.59325e-05	5011
0.823	-0.000519708	-0.000519708	-0.000519708	-0.000519708	5308
0.824	-0.00029617	-0.00029617	-0.00029617	-0.00029617	3519
0.825	-0.000465012	-0.000465012	-0.000465012	-0.000465012	5332
0.826	0.00020692	0.00020692	0.00020692	0.00020692	5159
0.827	0.00026529	0.00026529	0.00026529	0.00026529	5650
0.828	-0.000518926	-0.000518926	-0.000518926	-0.000518926	2730
0.829	5.52553e-06	5.52553e-06	5.52553e-06	5.52553e-06	4625
0.83	-0.000172786	-0.000172786	-0.000172786	-0.000172786	5175
0.831	1.44175e-06	1.44175e-06	1.44175e-06	1.44175e-06	3468
0.832	0.000472783	0.000472783	0.000472783	0.000472783	5101
0.833	-0.0004349	-0.0004349	-0.0004349	-0.0004349	4936
0.834	0.000319356	0.000319356	0.000319356	0.000319356	2993
0.835	0.000207861	0.000207861	0.000207861	0.000207861	4994
0.836	0.000318388	0.000318388	0.000318388	0.000318388	4747
0.837	5.18363e-05	5.18363e-05	5.18363e-05	5.18363e-05	4989
0.838	-0.000353168	-0.000353168	-0.000353168	-0.000353168	3714
0.839	-0.000439691	-0.000439691	-0.000439691	-0.000439691	4874
0.84	-0.000811731	-0.000811731	-0.000811731	-0.000811731	5182
0.841	0.000632334	0.000632334	0.000632334	0.000632334	2945
0.842	-0.000474553	-0.000474553	-0.000474553	-0.000474553	5041
0.843	-0.000577421	-0.000577421	-0.000577421	-0.000577421	5412
0.844	0.000227695	0.000227695	0.000227695	0.000227695	2873
0.845	-0.000515369	-0.000515369	-0.000515369	-0.000515369	5516
0.846	2.08641e-05	2.08641e-05	2.08641e-05	2.08641e-05	4966
0.847	-7.96507e-05	-7.96507e-05	-7.96507e-05	-7.96507e-05	5280
0.848	-0.000447118	-0.000447118	-0.000447118	-0.000447118	2951
0.849	-0.000798266	-0.000798266	-0.000798266	-0.000798266	5426
0.85	-0.000854353	-0.000854353	-0.000854353	-0.000854353	4969
0.851	0.000659595	0.000659595	0.000659595	0.000659595	3284
0.852	-0.000314271	-0.000314271	-0.000314271	-0.000314271	5450
0.853	-0.000440219	-0.000440219	-0.000440219	-0.000440219	5036
0.854	0.000217131	0.000217131	0.000217131	0.000217131	5194
0.855	-0.000533931	-0.000533931	-0.000533931	-0.000533931	2993
0.856	-0.000715202	-0.000715202	-0.000715202	-0.000715202	4978
0.857	1.31022e-05	1.31022e-05	1.31022e-05	1.31022e-05	5279
0.858	-0.000504003	-0.000504003	-0.000504003	-0.000504003	3400
0.859	0.000208465	0.000208465	0.000208465	0.000208465	5787
0.86	-0.00103611	-0.00103611	-0.00103611	-0.00103611	5241
0.861	0.00103793	0.00103793	0.00103793	0.00103793	3158
0.862	-0.000551136	-0.000551136	-0.000551136	-0.000551136	5343
0.863	-0.000103817	-0.000103817	-0.000103817	-0.000103817	5461
0.864	0.000704743	0.000704743	0.000704743	0.000704743	5273
0.865	0.000718458	0.000718458	0.000718458	0.000718458	3291
0.866	-0.000702563	-0.000702563	-0.000702563	-0.000702563	5132
0.867	-0.000283903	-0.000283903	-0.000283903	-0.000283903	5351
0.868	0.000171643	0.000171643	0.000171643	0.000171643	2858
0.869	-0.000405266	-0.000405266	-0.000405266	-0.000405266	5214
0.87	-0.000400246	-0.000400246	-0.000400246	-0.000400246	5591
0.871	1.4894e-05	1.4894e-05	1.4894e-05	1.4894e-05	5334
0.872	0.000548795	0.000548795	0.000548795	0.000548795	3287
0.873	-0.000357097	-0.000357097	-0.000357097	-0.000357097	5155
0.874	-0.000571202	-0.000571202	-0.000571202	-0.000571202	5610
0.875	-0.000696516	-0.000696516	-0.000696516	-0.000696516	3151
0.876	-0.000238498	-0.000238498	-0.000238498	-0.000238498	5219
0.877	-4.54193e-05	-4.54193e-05	-4.54193e-05	-4.54193e-05	5015
0.878	-0.000163419	-0.000163419	-0.000163419	-0.000163419	3233
0.879	0.000274946	0.000274946	0.000274946	0.000274946	5395
0.88	0.000413561	0.000413561	0.000413561	0.000413561	5634
0.881	0.000469715	0.000469715	0.000469715	0.000469715	5650
0.882	-0.000133835	-0.000133835	-0.000133835	-0.000133835	3545
0.883	-7.04972e-06	-7.04972e-06	-7.04972e-06	-7.04972e-06	5871
0.884	-0.000841659	-0.000841659	-0.000841659	-0.000841659	5805
0.885	0.000299002	0.000299002	0.000299002	0.000299002	3717
0.886	-0.000970679	-0.000970679	-0.000970679	-0.000970679	5400
0.887	-0.00142662	-0.00142662	-0.00142662	-0.00142662	5787
0.888	-0.00101413	-0.00101413	-0.00101413	-0.00101413	5379
0.889	-0.000219453	-0.000219453	-0.000219453	-0.000219453	3029
0.89	-0.00012797	-0.00012797	-0.00012797	-0.00012797	5457
0.891	-0.00022717	-0.00022717	-0.00022717	-0.00022717	5637
0.892	0.000582318	0.000582318	0.000582318	0.000582318	3695
0.893	-0.0011974	-0.0011974	-0.0011974	-0.0011974	5582
0.894	-0.000833755	-0.000833755	-0.000833755	-0.000833755	5271
0.895	-0.00072528	-0.00072528	-0.00072528	-0.00072528	3270
0.896	-0.000872485	-0.000872485	-0.000872485	-0.000872485	5534
0.897	-0.000562027	-0.000562027	-0.000562027	-0.000562027	5451
0.898	-0.000746868	-0.000746868	-0.000746868	-0.000746868	5259
0.899	-0.000403511	-0.000403511	-0.000403511	-0.000403511	3769
0.9	-0.000378291	-0.000378291	-0.000378291	-0.000378291	5331
0.901	-0.000422645	-0.000422645	-0.000422645	-0.000422645	5181
0.902	-0.000998439	-0.000998439	-0.000998439	-0.000998439	2882
0.903	-0.00122811	-0.00122811	-0.00122811	-0.00122811	5558
0.904	-0.000988349	-0.000988349	-0.000988349	-0.000988349	5021
0.905	-0.000627932	-0.000627932	-0.000627932	-0.000627932	2913
0.906	-0.00123475	-0.00123475	-0.00123475	-0.00123475	5682
0.907	-0.00126688	-0.00126688	-0.00126688	-0.00126688	4986
0.908	-0.00175552	-0.00175552	-0.00175552	-0.00175552	5202
0.909	-0.00071169	-0.00071169	-0.00071169	-0.00071169	2996
0.91	-0.00122179	-0.00122179	-0.00122179	-0.00122179	5632
0.911	-0.00071318	-0.00071318	-0.00071318	-0.00071318	4989
0.912	-0.00133428	-0.00133428	-0.00133428	-0.00133428	3418
0.913	-0.000767404	-0.000767404	-0.000767404	-0.000767404	5452
0.914	-0.000363592	-0.000363592	-0.000363592	-0.000363592	5150
0.915	-0.00145392	-0.00145392	-0.00145392	-0.00145392	5574
0.916	-0.000231662	-0.000231662	-0.000231662	-0.000231662	3072
0.917	-0.000751101	-0.000751101	-0.000751101	-0.000751101	5398
0.918	-0.000531743	-0.000531743	-0.000531743	-0.000531743	5821
0.919	-0.000833994	-0.000833994	-0.000833994	-0.000833994	3365
0.92	-0.000374555	-0.000374555	-0.000374555	-0.000374555	4802
0.921	-0.000348762	-0.000348762	-0.000348762	-0.000348762	5185
0.922	-0.000778049	-0.000778049	-0.000778049	-0.000778049	2869
0.923	-5.51061e-05	-5.51061e-05	-5.51061e-05	-5.51061e-05	5192
0.924	-0.000528423	-0.000528423	-0.000528423	-0.000528423	5385
0.925	-0.00102496	-0.00102496	-0.00102496	-0.00102496	5075
0.926	-0.00132379	-0.00132379	-0.00132379	-0.00132379	3785
0.927	-0.00120645	-0.00120645	-0.00120645	-0.00120645	4915
0.928	-0.000232093	-0.000232093	-0.000232093	-0.000232093	5454
0.929	-0.000839112	-0.000839112	-0.000839112	-0.000839112	2692
0.93	-0.000263909	-0.000263909	-0.000263909	-0.000263909	5628
0.931	-0.000638961	-0.000638961	-0.000638961	-0.000638961	5039
0.932	-0.000548629	-0.000548629	-0.000548629	-0.000548629	5334
0.933	-0.00125655	-0.00125655	-0.00125655	-0.00125655	3434
0.934	-0.000931407	-0.000931407	-0.000931407	-0.000931407	5152
0.935	-0.000822814	-0.000822814	-0.000822814	-0.000822814	5836
0.936	0.000132198	0.000132198	0.000132198	0.000132198	3093
0.937	-0.00118823	-0.00118823	-0.00118823	-0.00118823	5327
0.938	-0.00138678	-0.00138678	-0.00138678	-0.00138678	5401
0.939	-0.000972181	-0.000972181	-0.000972181	-0.000972181	3389
0.94	-0.0012597	-0.0012597	-0.0012597	-0.0012597	5610
0.941	0.000121433	0.000121433	0.000121433	0.000121433	5657
0.942	-0.00100071	-0.00100071	-0.00100071	-0.00100071	5377
0.943	-0.000697081	-0.000697081	-0.000697081	-0.000697081	2897
0.944	-0.000914026	-0.000914026	-0.000914026	-0.000914026	4933
0.945	-0.00126253	-0.00126253	-0.00126253	-0.00126253	5342
0.946	-0.000754811	-0.000754811	-0.000754811	-0.000754811	3626
0.947	-0.000897444	-0.000897444	-0.000897444	-0.000897444	5052
0.948	-0.000151792	-0.000151792	-0.000151792	-0.000151792	5113
0.949	-0.000799252	-0.000799252	-0.000799252	-0.000799252	5306
0.95	0.000276259	0.000276259	0.000276259	0.000276259	2926
0.951	-0.000890063	-0.000890063	-0.000890063	-0.000890063	5156
0.952	-0.000362691	-0.000362691	-0.000362691	-0.000362691	5414
0.953	-0.000510018	-0.000510018	-0.000510018	-0.000510018	3782
0.954	-0.00029997	-0.00029997	-0.00029997	-0.00029997	5132
0.955	0.0005457	0.0005457	0.0005457	0.0005457	5299
0.956	-0.000575111	-0.000575111	-0.000575111	-0.000575111	2983
0.957	-0.000437099	-0.000437099	-0.000437099	-0.000437099	5302
0.958	0.000282381	0.000282381	0.000282381	0.000282381	5431
0.959	-0.000885999	-0.000885999	-0.000885999	-0.000885999	5190
0.96	-0.00090687	-0.00090687	-0.00090687	-0.00090687	3309
0.961	-0.0006505	-0.0006505	-0.0006505	-0.0006505	4646
0.962	-0.0012804	-0.0012804	-0.0012804	-0.0012804	5418
0.963	-0.000620246	-0.000620246	-0.000620246	-0.000620246	2907
0.964	-0.000257036	-0.000257036	-0.000257036	-0.000257036	4714
0.965	-0.000817218	-0.000817218	-0.000817218	-0.000817218	4585
0.966	-0.000606574	-0.000606574	-0.000606574	-0.000606574	2951
0.967	-0.00195551	-0.00195551	-0.00195551	-0.00195551	5194
0.968	-0.00112143	-0.00112143	-0.00112143	-0.00112143	5034
0.969	-0.00122369	-0.00122369	-0.00122369	-0.00122369	5120
0.97	-0.000992768	-0.000992768	-0.000992768	-0.000992768	2873
0.971	-0.0013021	-0.0013021	-0.0013021	-0.0013021	4897
0.972	-0.000439647	-0.000439647	-0.000439647	-0.000439647	4539
0.973	-0.00053581	-0.00053581	-0.00053581	-0.00053581	3320
0.974	-0.000531748	-0.000531748	-0.000531748	-0.000531748	5122
0.975	-0.00102006	-0.00102006	-0.00102006	-0.00102006	5153
0.976	-0.000558715	-0.000558715	-0.000558715	-0.000558715	5276
0.977	-0.000901137	-0.000901137	-0.000901137	-0.000901137	2921
0.978	-0.000472611	-0.000472611	-0.000472611	-0.000472611	5077
0.979	-0.0013578	-0.0013578	-0.0013578	-0.0013578	5317
0.98	-0.000591168	-0.000591168	-0.000591168	-0.000591168	3432
0.981	-0.00123461	-0.00123461	-0.00123461	-0.00123461	5317
0.982	-0.000753423	-0.000753423	-0.000753423	-0.000753423	5315
0.983	-0.0011253	-0.0011253	-0.0011253	-0.0011253	2584
0.984	-0.000821794	-0.000821794	-0.000821794	-0.000821794	5007
0.985	-7.80547e-05	-7.80547e-05	-7.80547e-05	-7.80547e-05	4936
0.986	-0.00021497	-0.00021497	-0.00021497	-0.00021497	5462
0.987	-0.00153245	-0.00153245	-0.00153245	-0.00153245	3299
0.988	0.000514938	0.000514938	0.000514938	0.000514938	5772
0.989	-0.000166529	-0.000166529	-0.000166529	-0.000166529	5246
0.99	0.000394564	0.000394564	0.000394564	0.000394564	2702
0.991	-0.00116943	-0.00116943	-0.00116943	-0.00116943	5592
0.992	-0.000542698	-0.000542698	-0.000542698	-0.000542698	5077
0.993	-0.000401076	-0.000401076	-0.000401076	-0.000401076	5639
0.994	-0.000607819	-0.000607819	-0.000607819	-0.000607819	3173
0.995	0.000431454	0.000431454	0.000431454	0.000431454	5072
0.996	-0.000884165	-0.000884165	-0.000884165	-0.000884165	5727
0.997	0.000474677	0.000474677	0.000474677	0.000474677	3225
0.998	-0.000397599	-0.000397599	-0.000397599	-0.000397599	5128
0.999	-0.000737471	-0.000737471	-0.000737471	-0.000737471	5323
1	-6.27098e-06	-6.27098e-06	-6.27098e-06	-6.27098e-06	3145
